<?xml version="1.0" encoding="utf-8"?><testsuites name="pytest tests"><testsuite name="pytest" errors="0" failures="0" skipped="0" tests="6" time="1.116" timestamp="2026-03-14T18:04:42.565627+00:00" hostname="agent-env-993c32fc-00b9-4f7e-9a24-3780a8f9c4db"><testcase classname="backend.tests.test_contact.TestContactAPI" name="test_api_root" time="0.281" /><testcase classname="backend.tests.test_contact.TestContactAPI" name="test_post_contact" time="0.165" /><testcase classname="backend.tests.test_contact.TestContactAPI" name="test_get_contacts" time="0.151" /><testcase classname="backend.tests.test_contact.TestContactAPI" name="test_contact_persisted" time="0.264" /><testcase classname="backend.tests.test_contact.TestContactAPI" name="test_post_contact_missing_name" time="0.099" /><testcase classname="backend.tests.test_contact.TestContactAPI" name="test_post_contact_missing_message" time="0.105" /></testsuite></testsuites>